build/intermediates/manifest_merge_blame_file/debug/manifest-merger-blame-debug-report.txt
1<?xml version="1.0" encoding="utf-8"?>
2<manifest xmlns:android="http://schemas.android.com/apk/res/android"
3    package="com.dropbox.core.examples.android"
4    android:versionCode="1"
5    android:versionName="1.0" >
6
7    <uses-sdk
8        android:minSdkVersion="19"
8-->src\main\AndroidManifest.xml
9        android:targetSdkVersion="30" />
9-->src\main\AndroidManifest.xml
10
11    <uses-permission android:name="android.permission.ACCESS_COARSE_LOCATION" />
11-->src\main\AndroidManifest.xml:6:5-81
11-->src\main\AndroidManifest.xml:6:22-78
12    <uses-permission android:name="android.permission.ACCESS_FINE_LOCATION" />
12-->src\main\AndroidManifest.xml:7:5-79
12-->src\main\AndroidManifest.xml:7:22-76
13    <uses-permission android:name="android.permission.INTERNET" />
13-->src\main\AndroidManifest.xml:8:5-67
13-->src\main\AndroidManifest.xml:8:22-64
14    <uses-permission android:name="android.permission.CAMERA" />
14-->src\main\AndroidManifest.xml:9:5-65
14-->src\main\AndroidManifest.xml:9:22-62
15    <uses-permission android:name="android.permission.ACCESS_NETWORK_STATE" />
15-->src\main\AndroidManifest.xml:10:5-79
15-->src\main\AndroidManifest.xml:10:22-76
16    <uses-permission android:name="android.permission.READ_EXTERNAL_STORAGE" />
16-->src\main\AndroidManifest.xml:11:5-80
16-->src\main\AndroidManifest.xml:11:22-77
17    <uses-permission android:name="android.permission.SYSTEM_ALERT_WINDOW" />
17-->src\main\AndroidManifest.xml:12:5-78
17-->src\main\AndroidManifest.xml:12:22-75
18    <uses-permission android:name="android.permission.ACCESS_WIFI_STATE" />
18-->src\main\AndroidManifest.xml:13:5-76
18-->src\main\AndroidManifest.xml:13:22-73
19    <uses-permission android:name="android.permission.WRITE_EXTERNAL_STORAGE" />
19-->src\main\AndroidManifest.xml:14:5-81
19-->src\main\AndroidManifest.xml:14:22-78
20
21    <!-- Don't require camera, as this requires a rear camera. This allows it to work on the Nexus 7 -->
22    <uses-feature
22-->[com.journeyapps:zxing-android-embedded:4.3.0] AndroidManifest.xml:25:5-27:36
23        android:name="android.hardware.camera"
23-->[com.journeyapps:zxing-android-embedded:4.3.0] AndroidManifest.xml:26:9-47
24        android:required="false" />
24-->[com.journeyapps:zxing-android-embedded:4.3.0] AndroidManifest.xml:27:9-33
25    <uses-feature
25-->[com.journeyapps:zxing-android-embedded:4.3.0] AndroidManifest.xml:28:5-30:36
26        android:name="android.hardware.camera.front"
26-->[com.journeyapps:zxing-android-embedded:4.3.0] AndroidManifest.xml:29:9-53
27        android:required="false" /> <!-- TODO replace above two with next line after Android 4.2 -->
27-->[com.journeyapps:zxing-android-embedded:4.3.0] AndroidManifest.xml:30:9-33
28    <!-- <uses-feature android:name="android.hardware.camera.any"/> -->
29    <uses-feature
29-->[com.journeyapps:zxing-android-embedded:4.3.0] AndroidManifest.xml:33:5-35:36
30        android:name="android.hardware.camera.autofocus"
30-->[com.journeyapps:zxing-android-embedded:4.3.0] AndroidManifest.xml:34:9-57
31        android:required="false" />
31-->[com.journeyapps:zxing-android-embedded:4.3.0] AndroidManifest.xml:35:9-33
32    <uses-feature
32-->[com.journeyapps:zxing-android-embedded:4.3.0] AndroidManifest.xml:36:5-38:36
33        android:name="android.hardware.camera.flash"
33-->[com.journeyapps:zxing-android-embedded:4.3.0] AndroidManifest.xml:37:9-53
34        android:required="false" />
34-->[com.journeyapps:zxing-android-embedded:4.3.0] AndroidManifest.xml:38:9-33
35    <uses-feature
35-->[com.journeyapps:zxing-android-embedded:4.3.0] AndroidManifest.xml:39:5-41:36
36        android:name="android.hardware.screen.landscape"
36-->[com.journeyapps:zxing-android-embedded:4.3.0] AndroidManifest.xml:40:9-57
37        android:required="false" />
37-->[com.journeyapps:zxing-android-embedded:4.3.0] AndroidManifest.xml:41:9-33
38    <uses-feature
38-->[com.journeyapps:zxing-android-embedded:4.3.0] AndroidManifest.xml:42:5-44:36
39        android:name="android.hardware.wifi"
39-->[com.journeyapps:zxing-android-embedded:4.3.0] AndroidManifest.xml:43:9-45
40        android:required="false" />
40-->[com.journeyapps:zxing-android-embedded:4.3.0] AndroidManifest.xml:44:9-33
41
42    <application
42-->src\main\AndroidManifest.xml:17:5-83:19
43        android:allowBackup="false"
43-->src\main\AndroidManifest.xml:18:9-36
44        android:appComponentFactory="androidx.core.app.CoreComponentFactory"
44-->[androidx.core:core:1.1.0] AndroidManifest.xml:24:18-86
45        android:debuggable="true"
46        android:icon="@drawable/logo"
46-->src\main\AndroidManifest.xml:19:9-38
47        android:label="@string/app_name"
47-->src\main\AndroidManifest.xml:20:9-41
48        android:requestLegacyExternalStorage="true"
48-->src\main\AndroidManifest.xml:21:9-52
49        android:supportsRtl="false"
49-->src\main\AndroidManifest.xml:22:9-36
50        android:theme="@style/AppTheme" >
50-->src\main\AndroidManifest.xml:23:9-40
51        <activity
51-->src\main\AndroidManifest.xml:24:9-34:20
52            android:name="com.madhabdhakal.dropbox.examples.android.Splash"
52-->src\main\AndroidManifest.xml:25:13-76
53            android:exported="true"
53-->src\main\AndroidManifest.xml:26:13-36
54            android:label="@string/app_name"
54-->src\main\AndroidManifest.xml:27:13-45
55            android:screenOrientation="portrait"
55-->src\main\AndroidManifest.xml:28:13-49
56            android:windowSoftInputMode="adjustPan" >
56-->src\main\AndroidManifest.xml:29:13-52
57            <intent-filter>
57-->src\main\AndroidManifest.xml:30:13-33:29
58                <action android:name="android.intent.action.MAIN" />
58-->src\main\AndroidManifest.xml:31:17-69
58-->src\main\AndroidManifest.xml:31:25-66
59
60                <category android:name="android.intent.category.LAUNCHER" />
60-->src\main\AndroidManifest.xml:32:17-77
60-->src\main\AndroidManifest.xml:32:27-74
61            </intent-filter>
62        </activity>
63        <activity
63-->src\main\AndroidManifest.xml:35:9-38:61
64            android:name="com.madhabdhakal.dropbox.examples.android.UserActivity"
64-->src\main\AndroidManifest.xml:36:13-82
65            android:configChanges="orientation|keyboardHidden|screenSize"
65-->src\main\AndroidManifest.xml:37:13-74
66            android:screenOrientation="portrait" />
66-->src\main\AndroidManifest.xml:38:13-49
67        <activity
67-->src\main\AndroidManifest.xml:39:9-41:60
68            android:name="com.madhabdhakal.dropbox.examples.android.FilesActivity"
68-->src\main\AndroidManifest.xml:40:13-83
69            android:label="@string/title_activity_files" />
69-->src\main\AndroidManifest.xml:41:13-57
70        <activity
70-->src\main\AndroidManifest.xml:44:9-56:20
71            android:name="com.dropbox.core.android.AuthActivity"
71-->src\main\AndroidManifest.xml:45:13-65
72            android:configChanges="orientation|keyboard"
72-->src\main\AndroidManifest.xml:46:13-57
73            android:launchMode="singleTask" >
73-->src\main\AndroidManifest.xml:47:13-44
74            <intent-filter>
74-->src\main\AndroidManifest.xml:48:13-55:29
75
76                <!-- Change this to be db- followed by your app key -->
77                <data android:scheme="db-srs3n02bzojpz1x" />
77-->src\main\AndroidManifest.xml:50:17-61
77-->src\main\AndroidManifest.xml:50:23-58
78
79                <action android:name="android.intent.action.VIEW" />
79-->src\main\AndroidManifest.xml:51:17-69
79-->src\main\AndroidManifest.xml:51:25-66
80
81                <category android:name="android.intent.category.BROWSABLE" />
81-->src\main\AndroidManifest.xml:53:17-78
81-->src\main\AndroidManifest.xml:53:27-75
82                <category android:name="android.intent.category.DEFAULT" />
82-->src\main\AndroidManifest.xml:54:17-76
82-->src\main\AndroidManifest.xml:54:27-73
83            </intent-filter>
84        </activity>
85
86        <provider
86-->src\main\AndroidManifest.xml:59:9-67:20
87            android:name="androidx.core.content.FileProvider"
87-->src\main\AndroidManifest.xml:60:13-62
88            android:authorities="com.example.android.UserActivity"
88-->src\main\AndroidManifest.xml:61:13-67
89            android:exported="false"
89-->src\main\AndroidManifest.xml:62:13-37
90            android:grantUriPermissions="true" >
90-->src\main\AndroidManifest.xml:63:13-47
91            <meta-data
91-->src\main\AndroidManifest.xml:64:13-66:64
92                android:name="android.support.FILE_PROVIDER_PATHS"
92-->src\main\AndroidManifest.xml:65:17-67
93                android:resource="@xml/file_paths" />
93-->src\main\AndroidManifest.xml:66:17-51
94        </provider>
95
96        <receiver
96-->src\main\AndroidManifest.xml:69:9-76:20
97            android:name="com.madhabdhakal.dropbox.examples.android.NetworkMonitor"
97-->src\main\AndroidManifest.xml:70:13-84
98            android:label="NetworkMonitor" >
98-->src\main\AndroidManifest.xml:71:13-43
99            <intent-filter>
99-->src\main\AndroidManifest.xml:72:13-75:29
100                <action android:name="android.net.conn.CONNECTIVITY_CHANGE" />
100-->src\main\AndroidManifest.xml:73:17-79
100-->src\main\AndroidManifest.xml:73:25-76
101                <action android:name="android.net.wifi.WIFI_STATE_CHANGED" />
101-->src\main\AndroidManifest.xml:74:17-78
101-->src\main\AndroidManifest.xml:74:25-75
102            </intent-filter>
103        </receiver>
104
105        <service
105-->src\main\AndroidManifest.xml:78:9-80:43
106            android:name="com.madhabdhakal.dropbox.examples.android.TimeService"
106-->src\main\AndroidManifest.xml:79:13-81
107            android:label="TimeService" />
107-->src\main\AndroidManifest.xml:80:13-40
108
109        <provider
109-->[com.squareup.picasso:picasso:2.71828] AndroidManifest.xml:8:9-11:40
110            android:name="com.squareup.picasso.PicassoProvider"
110-->[com.squareup.picasso:picasso:2.71828] AndroidManifest.xml:9:13-64
111            android:authorities="com.dropbox.core.examples.android.com.squareup.picasso"
111-->[com.squareup.picasso:picasso:2.71828] AndroidManifest.xml:10:13-72
112            android:exported="false" />
112-->[com.squareup.picasso:picasso:2.71828] AndroidManifest.xml:11:13-37
113
114        <activity
114-->[com.journeyapps:zxing-android-embedded:4.3.0] AndroidManifest.xml:47:9-53:63
115            android:name="com.journeyapps.barcodescanner.CaptureActivity"
115-->[com.journeyapps:zxing-android-embedded:4.3.0] AndroidManifest.xml:48:13-74
116            android:clearTaskOnLaunch="true"
116-->[com.journeyapps:zxing-android-embedded:4.3.0] AndroidManifest.xml:49:13-45
117            android:screenOrientation="sensorLandscape"
117-->[com.journeyapps:zxing-android-embedded:4.3.0] AndroidManifest.xml:50:13-56
118            android:stateNotNeeded="true"
118-->[com.journeyapps:zxing-android-embedded:4.3.0] AndroidManifest.xml:51:13-42
119            android:theme="@style/zxing_CaptureTheme"
119-->[com.journeyapps:zxing-android-embedded:4.3.0] AndroidManifest.xml:52:13-54
120            android:windowSoftInputMode="stateAlwaysHidden" />
120-->[com.journeyapps:zxing-android-embedded:4.3.0] AndroidManifest.xml:53:13-60
121    </application>
122
123</manifest>